2014-10-11 16:29:21,115 - Target log system for org.apache.velocity.runtime.log.AvalonLogChute is not available (java.lang.NoClassDefFoundError: org/apache/log/format/Formatter).  Falling back to next log system...
2014-10-11 16:29:21,116 - Trying to use logger class org.apache.velocity.runtime.log.Log4JLogChute
2014-10-11 16:29:21,116 - Using logger class org.apache.velocity.runtime.log.Log4JLogChute
2014-10-11 16:29:21,116 - Default ResourceManager initializing. (class org.apache.velocity.runtime.resource.ResourceManagerImpl)
2014-10-11 16:29:21,117 - ResourceLoader instantiated: org.springframework.ui.velocity.SpringResourceLoader
2014-10-11 16:29:21,117 - ResourceCache: initialized (class org.apache.velocity.runtime.resource.ResourceCacheImpl) with class java.util.Collections$SynchronizedMap cache map.
2014-10-11 16:29:21,117 - Default ResourceManager initialization complete.
2014-10-11 16:29:21,118 - Loaded System Directive: org.apache.velocity.runtime.directive.Stop
2014-10-11 16:29:21,118 - Loaded System Directive: org.apache.velocity.runtime.directive.Define
2014-10-11 16:29:21,118 - Loaded System Directive: org.apache.velocity.runtime.directive.Break
2014-10-11 16:29:21,119 - Loaded System Directive: org.apache.velocity.runtime.directive.Evaluate
2014-10-11 16:29:21,119 - Loaded System Directive: org.apache.velocity.runtime.directive.Literal
2014-10-11 16:29:21,119 - Loaded System Directive: org.apache.velocity.runtime.directive.Macro
2014-10-11 16:29:21,119 - Loaded System Directive: org.apache.velocity.runtime.directive.Parse
2014-10-11 16:29:21,119 - Loaded System Directive: org.apache.velocity.runtime.directive.Include
2014-10-11 16:29:21,120 - Loaded System Directive: org.apache.velocity.runtime.directive.Foreach
2014-10-11 16:29:21,120 - Created '20' parsers.
2014-10-11 16:29:21,121 - Velocimacro : initialization starting.
2014-10-11 16:29:21,121 - Velocimacro : "velocimacro.library" is not set.  Trying default library: VM_global_library.vm
2014-10-11 16:29:21,122 - Could not load resource 'VM_global_library.vm' from ResourceLoader org.springframework.ui.velocity.SpringResourceLoader: Could not find resource [VM_global_library.vm] in Spring resource loader path
2014-10-11 16:29:21,122 - Velocimacro : Default library not found.
2014-10-11 16:29:21,122 - Velocimacro : allowInline = true : VMs can be defined inline in templates
2014-10-11 16:29:21,122 - Velocimacro : allowInlineToOverride = false : VMs defined inline may NOT replace previous VM definitions
2014-10-11 16:29:21,123 - Velocimacro : allowInlineLocal = false : VMs defined inline will be global in scope if allowed.
2014-10-11 16:29:21,123 - Velocimacro : autoload off : VM system will not automatically reload global library macros
2014-10-11 16:29:21,123 - Velocimacro : Velocimacro : initialization complete.
2014-10-11 16:29:21,123 - RuntimeInstance successfully initialized.
2014-10-11 16:29:21,124 - ResourceManager : found LinkedList.vm with loader org.springframework.ui.velocity.SpringResourceLoader
2014-10-11 16:29:21,127 - Log4JLogChute initialized using file 'velocity.log'
2014-10-11 16:29:21,127 - Initializing Velocity, Calling init()...
2014-10-11 16:29:21,127 - *******************************************************************
2014-10-11 16:29:21,128 - Starting Apache Velocity v1.7 (compiled: 2010-11-19 12:14:37)
2014-10-11 16:29:21,128 - RuntimeInstance initializing.
2014-10-11 16:29:21,128 - Default Properties File: org/apache/velocity/runtime/defaults/velocity.properties
2014-10-11 16:29:21,128 - Trying to use logger class org.apache.velocity.runtime.log.AvalonLogChute
2014-10-11 16:29:21,128 - Target log system for org.apache.velocity.runtime.log.AvalonLogChute is not available (java.lang.NoClassDefFoundError: org/apache/log/format/Formatter).  Falling back to next log system...
2014-10-11 16:29:21,129 - Trying to use logger class org.apache.velocity.runtime.log.Log4JLogChute
2014-10-11 16:29:21,129 - Using logger class org.apache.velocity.runtime.log.Log4JLogChute
2014-10-11 16:29:21,129 - Default ResourceManager initializing. (class org.apache.velocity.runtime.resource.ResourceManagerImpl)
2014-10-11 16:29:21,130 - ResourceLoader instantiated: org.springframework.ui.velocity.SpringResourceLoader
2014-10-11 16:29:21,131 - ResourceCache: initialized (class org.apache.velocity.runtime.resource.ResourceCacheImpl) with class java.util.Collections$SynchronizedMap cache map.
2014-10-11 16:29:21,131 - Default ResourceManager initialization complete.
2014-10-11 16:29:21,131 - Loaded System Directive: org.apache.velocity.runtime.directive.Stop
2014-10-11 16:29:21,132 - Loaded System Directive: org.apache.velocity.runtime.directive.Define
2014-10-11 16:29:21,132 - Loaded System Directive: org.apache.velocity.runtime.directive.Break
2014-10-11 16:29:21,133 - Loaded System Directive: org.apache.velocity.runtime.directive.Evaluate
2014-10-11 16:29:21,133 - Loaded System Directive: org.apache.velocity.runtime.directive.Literal
2014-10-11 16:29:21,134 - Loaded System Directive: org.apache.velocity.runtime.directive.Macro
2014-10-11 16:29:21,134 - Loaded System Directive: org.apache.velocity.runtime.directive.Parse
2014-10-11 16:29:21,134 - Loaded System Directive: org.apache.velocity.runtime.directive.Include
2014-10-11 16:29:21,135 - Loaded System Directive: org.apache.velocity.runtime.directive.Foreach
2014-10-11 16:29:21,136 - Created '20' parsers.
2014-10-11 16:29:21,136 - Velocimacro : initialization starting.
2014-10-11 16:29:21,137 - Velocimacro : "velocimacro.library" is not set.  Trying default library: VM_global_library.vm
2014-10-11 16:29:21,138 - Could not load resource 'VM_global_library.vm' from ResourceLoader org.springframework.ui.velocity.SpringResourceLoader: Could not find resource [VM_global_library.vm] in Spring resource loader path
2014-10-11 16:29:21,138 - Velocimacro : Default library not found.
2014-10-11 16:29:21,138 - Velocimacro : allowInline = true : VMs can be defined inline in templates
2014-10-11 16:29:21,138 - Velocimacro : allowInlineToOverride = false : VMs defined inline may NOT replace previous VM definitions
2014-10-11 16:29:21,139 - Velocimacro : allowInlineLocal = false : VMs defined inline will be global in scope if allowed.
2014-10-11 16:29:21,139 - Velocimacro : autoload off : VM system will not automatically reload global library macros
2014-10-11 16:29:21,139 - Velocimacro : Velocimacro : initialization complete.
2014-10-11 16:29:21,139 - RuntimeInstance successfully initialized.
2014-10-11 16:29:21,140 - ResourceManager : found Node.vm with loader org.springframework.ui.velocity.SpringResourceLoader
2014-10-11 16:29:47,008 - Log4JLogChute initialized using file 'velocity.log'
2014-10-11 16:29:47,012 - Initializing Velocity, Calling init()...
2014-10-11 16:29:47,012 - *******************************************************************
2014-10-11 16:29:47,013 - Starting Apache Velocity v1.7 (compiled: 2010-11-19 12:14:37)
2014-10-11 16:29:47,013 - RuntimeInstance initializing.
2014-10-11 16:29:47,014 - Default Properties File: org/apache/velocity/runtime/defaults/velocity.properties
2014-10-11 16:29:47,014 - Trying to use logger class org.apache.velocity.runtime.log.AvalonLogChute
2014-10-11 16:29:47,015 - Target log system for org.apache.velocity.runtime.log.AvalonLogChute is not available (java.lang.NoClassDefFoundError: org/apache/log/format/Formatter).  Falling back to next log system...
2014-10-11 16:29:47,016 - Trying to use logger class org.apache.velocity.runtime.log.Log4JLogChute
2014-10-11 16:29:47,017 - Using logger class org.apache.velocity.runtime.log.Log4JLogChute
2014-10-11 16:29:47,017 - Default ResourceManager initializing. (class org.apache.velocity.runtime.resource.ResourceManagerImpl)
2014-10-11 16:29:47,018 - ResourceLoader instantiated: org.springframework.ui.velocity.SpringResourceLoader
2014-10-11 16:29:47,019 - ResourceCache: initialized (class org.apache.velocity.runtime.resource.ResourceCacheImpl) with class java.util.Collections$SynchronizedMap cache map.
2014-10-11 16:29:47,019 - Default ResourceManager initialization complete.
2014-10-11 16:29:47,020 - Loaded System Directive: org.apache.velocity.runtime.directive.Stop
2014-10-11 16:29:47,020 - Loaded System Directive: org.apache.velocity.runtime.directive.Define
2014-10-11 16:29:47,021 - Loaded System Directive: org.apache.velocity.runtime.directive.Break
2014-10-11 16:29:47,021 - Loaded System Directive: org.apache.velocity.runtime.directive.Evaluate
2014-10-11 16:29:47,022 - Loaded System Directive: org.apache.velocity.runtime.directive.Literal
2014-10-11 16:29:47,022 - Loaded System Directive: org.apache.velocity.runtime.directive.Macro
2014-10-11 16:29:47,023 - Loaded System Directive: org.apache.velocity.runtime.directive.Parse
2014-10-11 16:29:47,023 - Loaded System Directive: org.apache.velocity.runtime.directive.Include
2014-10-11 16:29:47,023 - Loaded System Directive: org.apache.velocity.runtime.directive.Foreach
2014-10-11 16:29:47,024 - Created '20' parsers.
2014-10-11 16:29:47,025 - Velocimacro : initialization starting.
2014-10-11 16:29:47,025 - Velocimacro : "velocimacro.library" is not set.  Trying default library: VM_global_library.vm
2014-10-11 16:29:47,026 - Could not load resource 'VM_global_library.vm' from ResourceLoader org.springframework.ui.velocity.SpringResourceLoader: Could not find resource [VM_global_library.vm] in Spring resource loader path
2014-10-11 16:29:47,027 - Velocimacro : Default library not found.
2014-10-11 16:29:47,027 - Velocimacro : allowInline = true : VMs can be defined inline in templates
2014-10-11 16:29:47,027 - Velocimacro : allowInlineToOverride = false : VMs defined inline may NOT replace previous VM definitions
2014-10-11 16:29:47,028 - Velocimacro : allowInlineLocal = false : VMs defined inline will be global in scope if allowed.
2014-10-11 16:29:47,028 - Velocimacro : autoload off : VM system will not automatically reload global library macros
2014-10-11 16:29:47,028 - Velocimacro : Velocimacro : initialization complete.
2014-10-11 16:29:47,029 - RuntimeInstance successfully initialized.
2014-10-11 16:29:47,029 - ResourceManager : found main.vm with loader org.springframework.ui.velocity.SpringResourceLoader
Directive: org.apache.velocity.runtime.directive.Break
2014-10-11 16:29:47,021 - Loaded System Directive: org.apache.velocity.runtime.directive.Break
2014-10-11 16:29:47,021 - Loaded System Directive: org.apache.velocity.runtime.directive.Evaluate
2014-10-11 16:29:47,021 - Loaded System Directive: org.apache.velocity.runtime.directive.Evaluate
2014-10-11 16:29:47,022 - Loaded System Directive: org.apache.velocity.runtime.directive.Literal
2014-10-11 16:29:47,022 - Loaded System Directive: org.apache.velocity.runtime.directive.Literal
2014-10-11 16:29:47,022 - Loaded System Directive: org.apache.velocity.runtime.directive.Macro
2014-10-11 16:29:47,022 - Loaded System Directive: org.apache.velocity.runtime.directive.Macro
2014-10-11 16:29:47,023 - Loaded System Directive: org.apache.velocity.runtime.directive.Parse
2014-10-11 16:29:47,023 - Loaded System Directive: org.apache.velocity.runtime.directive.Parse
2014-10-11 16:29:47,023 - Loaded System Directive: org.apache.velocity.runtime.directive.Include
2014-10-11 16:29:47,023 - Loaded System Directive: org.apache.velocity.runtime.directive.Include
2014-10-11 16:29:47,023 - Loaded System Directive: org.apache.velocity.runtime.directive.Foreach
2014-10-11 16:29:47,023 - Loaded System Directive: org.apache.velocity.runtime.directive.Foreach
2014-10-11 16:29:47,024 - Created '20' parsers.
2014-10-11 16:29:47,024 - Created '20' parsers.
2014-10-11 16:29:47,025 - Velocimacro : initialization starting.
2014-10-11 16:29:47,025 - Velocimacro : initialization starting.
2014-10-11 16:29:47,025 - Velocimacro : "velocimacro.library" is not set.  Trying default library: VM_global_library.vm
2014-10-11 16:29:47,025 - Velocimacro : "velocimacro.library" is not set.  Trying default library: VM_global_library.vm
2014-10-11 16:29:47,026 - Could not load resource 'VM_global_library.vm' from ResourceLoader org.springframework.ui.velocity.SpringResourceLoader: Could not find resource [VM_global_library.vm] in Spring resource loader path
2014-10-11 16:29:47,026 - Could not load resource 'VM_global_library.vm' from ResourceLoader org.springframework.ui.velocity.SpringResourceLoader: Could not find resource [VM_global_library.vm] in Spring resource loader path
2014-10-11 16:29:47,027 - Velocimacro : Default library not found.
2014-10-11 16:29:47,027 - Velocimacro : Default library not found.
2014-10-11 16:29:47,027 - Velocimacro : allowInline = true : VMs can be defined inline in templates
2014-10-11 16:29:47,027 - Velocimacro : allowInline = true : VMs can be defined inline in templates
2014-10-11 16:29:47,027 - Velocimacro : allowInlineToOverride = false : VMs defined inline may NOT replace previous VM definitions
2014-10-11 16:29:47,027 - Velocimacro : allowInlineToOverride = false : VMs defined inline may NOT replace previous VM definitions
2014-10-11 16:29:47,028 - Velocimacro : allowInlineLocal = false : VMs defined inline will be global in scope if allowed.
2014-10-11 16:29:47,028 - Velocimacro : allowInlineLocal = false : VMs defined inline will be global in scope if allowed.
2014-10-11 16:29:47,028 - Velocimacro : autoload off : VM system will not automatically reload global library macros
2014-10-11 16:29:47,028 - Velocimacro : autoload off : VM system will not automatically reload global library macros
2014-10-11 16:29:47,028 - Velocimacro : Velocimacro : initialization complete.
2014-10-11 16:29:47,028 - Velocimacro : Velocimacro : initialization complete.
2014-10-11 16:29:47,029 - RuntimeInstance successfully initialized.
2014-10-11 16:29:47,029 - RuntimeInstance successfully initialized.
2014-10-11 16:29:47,029 - ResourceManager : found main.vm with loader org.springframework.ui.velocity.SpringResourceLoader
2014-10-11 16:29:47,029 - ResourceManager : found main.vm with loader org.springframework.ui.velocity.SpringResourceLoader
